2025-09-18 19:58:00 | INFO | repo=pv243-a4m36jee-2018-security-seminar | action=pull
2025-09-11 11:52:00 | INFO | repo=pv243-a4m36jee-2018-security-seminar | action=edit | files=2
2025-02-18 18:19:00 | WARN | repo=pv243-a4m36jee-2018-security-seminar | action=commit
2025-11-16 13:19:00 | INFO | repo=pv243-a4m36jee-2018-security-seminar | action=pull
2025-11-26 19:02:00 | DEBUG | repo=pv243-a4m36jee-2018-security-seminar | action=commit
2025-05-23 13:56:00 | WARN | repo=pv243-a4m36jee-2018-security-seminar | action=test | passed=true
2025-03-06 07:48:00 | DEBUG | repo=pv243-a4m36jee-2018-security-seminar | action=commit
2025-11-25 13:37:00 | INFO | repo=pv243-a4m36jee-2018-security-seminar | action=commit
2025-10-09 12:55:00 | WARN | repo=pv243-a4m36jee-2018-security-seminar | action=commit
2025-08-16 14:30:00 | DEBUG | repo=pv243-a4m36jee-2018-security-seminar | action=commit
2025-11-03 16:02:00 | DEBUG | repo=pv243-a4m36jee-2018-security-seminar | action=commit
2025-09-21 21:38:00 | INFO | repo=pv243-a4m36jee-2018-security-seminar | action=pull
2025-05-17 08:16:00 | INFO | repo=pv243-a4m36jee-2018-security-seminar | action=pull
2025-10-25 20:51:00 | INFO | repo=pv243-a4m36jee-2018-security-seminar | action=commit
2025-04-03 07:02:00 | DEBUG | repo=pv243-a4m36jee-2018-security-seminar | action=test | passed=true
2025-03-26 07:59:00 | INFO | repo=pv243-a4m36jee-2018-security-seminar | action=edit | files=4
2025-08-12 18:12:00 | DEBUG | repo=pv243-a4m36jee-2018-security-seminar | action=commit
2025-04-14 20:41:00 | WARN | repo=pv243-a4m36jee-2018-security-seminar | action=commit
2025-10-27 17:12:00 | INFO | repo=pv243-a4m36jee-2018-security-seminar | action=edit | files=4
2025-11-13 16:07:00 | DEBUG | repo=pv243-a4m36jee-2018-security-seminar | action=commit
2025-02-03 09:02:00 | DEBUG | repo=pv243-a4m36jee-2018-security-seminar | action=commit
2025-06-18 14:44:00 | WARN | repo=pv243-a4m36jee-2018-security-seminar | action=test | passed=true
2025-01-09 07:43:00 | INFO | repo=pv243-a4m36jee-2018-security-seminar | action=commit
2025-09-02 20:47:00 | INFO | repo=pv243-a4m36jee-2018-security-seminar | action=edit | files=4
2025-02-07 19:00:00 | INFO | repo=pv243-a4m36jee-2018-security-seminar | action=commit
2025-12-10 15:42:00 | DEBUG | repo=pv243-a4m36jee-2018-security-seminar | action=pull
2025-01-28 13:28:00 | WARN | repo=pv243-a4m36jee-2018-security-seminar | action=commit
2025-08-03 18:15:00 | WARN | repo=pv243-a4m36jee-2018-security-seminar | action=commit
2025-01-22 15:26:00 | INFO | repo=pv243-a4m36jee-2018-security-seminar | action=commit
2025-02-17 17:53:00 | DEBUG | repo=pv243-a4m36jee-2018-security-seminar | action=commit
2025-04-04 08:07:00 | DEBUG | repo=pv243-a4m36jee-2018-security-seminar | action=commit
2025-07-15 08:04:00 | WARN | repo=pv243-a4m36jee-2018-security-seminar | action=commit
2025-01-16 07:27:00 | INFO | repo=pv243-a4m36jee-2018-security-seminar | action=edit | files=5
2025-08-11 15:28:00 | WARN | repo=pv243-a4m36jee-2018-security-seminar | action=commit
2025-02-24 21:35:00 | WARN | repo=pv243-a4m36jee-2018-security-seminar | action=commit
2025-07-20 10:47:00 | DEBUG | repo=pv243-a4m36jee-2018-security-seminar | action=commit
2025-11-08 14:47:00 | WARN | repo=pv243-a4m36jee-2018-security-seminar | action=commit
2025-12-19 14:44:00 | WARN | repo=pv243-a4m36jee-2018-security-seminar | action=test | passed=true
2025-12-24 21:43:00 | INFO | repo=pv243-a4m36jee-2018-security-seminar | action=commit
2025-09-24 18:46:00 | WARN | repo=pv243-a4m36jee-2018-security-seminar | action=commit
2025-07-18 11:10:00 | DEBUG | repo=pv243-a4m36jee-2018-security-seminar | action=commit
2025-04-15 09:15:00 | DEBUG | repo=pv243-a4m36jee-2018-security-seminar | action=commit
2025-11-05 09:31:00 | WARN | repo=pv243-a4m36jee-2018-security-seminar | action=commit
2025-07-25 16:16:00 | DEBUG | repo=pv243-a4m36jee-2018-security-seminar | action=commit
2025-11-13 12:53:00 | DEBUG | repo=pv243-a4m36jee-2018-security-seminar | action=pull
2025-10-13 21:32:00 | WARN | repo=pv243-a4m36jee-2018-security-seminar | action=commit
2025-05-21 16:18:00 | WARN | repo=pv243-a4m36jee-2018-security-seminar | action=commit
2025-04-21 21:44:00 | DEBUG | repo=pv243-a4m36jee-2018-security-seminar | action=commit
2025-05-03 19:31:00 | INFO | repo=pv243-a4m36jee-2018-security-seminar | action=test | passed=true
2025-05-28 15:10:00 | DEBUG | repo=pv243-a4m36jee-2018-security-seminar | action=commit
2025-08-18 20:42:00 | DEBUG | repo=pv243-a4m36jee-2018-security-seminar | action=commit
2025-05-21 21:14:00 | WARN | repo=pv243-a4m36jee-2018-security-seminar | action=edit | files=3
2025-12-03 07:28:00 | INFO | repo=pv243-a4m36jee-2018-security-seminar | action=commit
2025-06-10 12:55:00 | INFO | repo=pv243-a4m36jee-2018-security-seminar | action=commit
2025-12-08 07:38:00 | INFO | repo=pv243-a4m36jee-2018-security-seminar | action=commit
